<?xml version="1.0" encoding="UTF-8"?>
<TestRun id="ddd8d9c8-1d2b-483a-9fe0-3265fe526958" name="Arley@ARLEY-PC 2013-06-12 01:00:35" runUser="Arley-PC\Arley" xmlns="http://microsoft.com/schemas/VisualStudio/TeamTest/2010">
  <TestSettings name="Local" id="c07f10f4-cfec-473f-9ccc-a01ae620beee">
    <Description>These are default test settings for a local test run.</Description>
    <Deployment enabled="false" runDeploymentRoot="Arley_ARLEY-PC 2013-06-12 01_00_35">
      <DeploymentItem filename="D:\workspaceNet\CargadorTuLlanta\CargadorTuLlanta\bin\Debug\CargadorTuLlanta.exe" />
      <DeploymentItem filename="D:\Dropbox\Proyectos\2011\PP023-Optica\Codigo\Consola\U2StatusUpdater\U2StatusUpdater\bin\Debug\log4net.dll" />
    </Deployment>
    <Execution>
      <TestTypeSpecific />
      <AgentRule name="Execution Agents">
      </AgentRule>
    </Execution>
  </TestSettings>
  <Times creation="2013-06-12T01:00:35.3299110-04:00" queuing="2013-06-12T01:00:38.8161104-04:00" start="2013-06-12T01:00:38.9391175-04:00" finish="2013-06-12T01:00:40.2711937-04:00" />
  <ResultSummary outcome="Failed">
    <Counters total="1" executed="1" error="0" failed="1" timeout="0" aborted="0" inconclusive="0" passedButRunAborted="0" notRunnable="0" notExecuted="0" disconnected="0" warning="0" passed="0" completed="0" inProgress="0" pending="0" />
  </ResultSummary>
  <TestDefinitions>
    <UnitTest name="getPreciosTest" storage="d:\workspacenet\cargadortullanta\testadapterproduct\bin\debug\testadapterproduct.dll" id="006226ec-d3ef-c5f2-2bab-4e023406ad6c">
      <Execution id="95c54d42-b526-498b-b85d-2cbd5df09c27" />
      <TestMethod codeBase="D:/workspaceNet/CargadorTuLlanta/TestAdapterProduct/bin/Debug/TestAdapterProduct.DLL" adapterTypeName="Microsoft.VisualStudio.TestTools.TestTypes.Unit.UnitTestAdapter, Microsoft.VisualStudio.QualityTools.Tips.UnitTest.Adapter, Version=10.0.0.0, Culture=neutral, PublicKeyToken=b03f5f7f11d50a3a" className="TestAdapterProduct.AdapterPrecioTest, TestAdapterProduct, Version=1.0.0.0, Culture=neutral, PublicKeyToken=null" name="getPreciosTest" />
    </UnitTest>
  </TestDefinitions>
  <TestLists>
    <TestList name="Results Not in a List" id="8c84fa94-04c1-424b-9868-57a2d4851a1d" />
    <TestList name="All Loaded Results" id="19431567-8539-422a-85d7-44ee4e166bda" />
  </TestLists>
  <TestEntries>
    <TestEntry testId="006226ec-d3ef-c5f2-2bab-4e023406ad6c" executionId="95c54d42-b526-498b-b85d-2cbd5df09c27" testListId="8c84fa94-04c1-424b-9868-57a2d4851a1d" />
  </TestEntries>
  <Results>
    <UnitTestResult executionId="95c54d42-b526-498b-b85d-2cbd5df09c27" testId="006226ec-d3ef-c5f2-2bab-4e023406ad6c" testName="getPreciosTest" computerName="ARLEY-PC" duration="00:00:00.5965964" startTime="2013-06-12T01:00:39.0161219-04:00" endTime="2013-06-12T01:00:40.1051842-04:00" testType="13cdc9d9-ddb5-4fa4-a97d-d965ccfc6d4b" outcome="Failed" testListId="8c84fa94-04c1-424b-9868-57a2d4851a1d" relativeResultsDirectory="95c54d42-b526-498b-b85d-2cbd5df09c27">
      <Output>
        <ErrorInfo>
          <Message>Assert.AreEqual failed. Expected:&lt;&gt;. Actual:&lt;140000&gt;. </Message>
          <StackTrace>   at TestAdapterProduct.AdapterPrecioTest.getPreciosTest() in D:\workspaceNet\CargadorTuLlanta\TestAdapterProduct\AdapterPrecioTest.cs:line 81
</StackTrace>
        </ErrorInfo>
      </Output>
    </UnitTestResult>
  </Results>
</TestRun>