<?xml version="1.0" encoding="UTF-8"?>
<TestRun id="1ca1d8d8-94cd-43ee-970a-70c57e8427e2" name="Arley@ARLEY-PC 2013-06-11 23:23:36" runUser="Arley-PC\Arley" xmlns="http://microsoft.com/schemas/VisualStudio/TeamTest/2010">
  <TestSettings name="Local" id="c07f10f4-cfec-473f-9ccc-a01ae620beee">
    <Description>These are default test settings for a local test run.</Description>
    <Deployment enabled="false" runDeploymentRoot="Arley_ARLEY-PC 2013-06-11 23_23_36">
      <DeploymentItem filename="D:\workspaceNet\CargadorTuLlanta\CargadorTuLlanta\bin\Debug\CargadorTuLlanta.exe" />
      <DeploymentItem filename="D:\Dropbox\Proyectos\2011\PP023-Optica\Codigo\Consola\U2StatusUpdater\U2StatusUpdater\bin\Debug\log4net.dll" />
    </Deployment>
    <Execution>
      <TestTypeSpecific />
      <AgentRule name="Execution Agents">
      </AgentRule>
    </Execution>
  </TestSettings>
  <Times creation="2013-06-11T23:23:36.2360779-04:00" queuing="2013-06-11T23:23:39.1842465-04:00" start="2013-06-11T23:23:39.3692571-04:00" finish="2013-06-12T00:53:40.0631591-04:00" />
  <ResultSummary outcome="Error">
    <Counters total="3" executed="1" error="0" failed="0" timeout="0" aborted="1" inconclusive="0" passedButRunAborted="0" notRunnable="0" notExecuted="2" disconnected="0" warning="0" passed="0" completed="0" inProgress="0" pending="0" />
    <RunInfos>
      <RunInfo computerName="ARLEY-PC" outcome="Error" timestamp="2013-06-12T00:53:39.9851547-04:00">
        <Text>Test host process exited unexpectedly.</Text>
      </RunInfo>
    </RunInfos>
  </ResultSummary>
  <TestDefinitions>
    <UnitTest name="getClienteTest" storage="d:\workspacenet\cargadortullanta\testadapterproduct\bin\debug\testadapterproduct.dll" id="045d9f1d-6a8b-f242-3f9e-39d6d703cc6a">
      <Execution id="1a2ff4fd-2eba-477c-8424-c20ad1800ca0" />
      <TestMethod codeBase="D:/workspaceNet/CargadorTuLlanta/TestAdapterProduct/bin/Debug/TestAdapterProduct.DLL" adapterTypeName="Microsoft.VisualStudio.TestTools.TestTypes.Unit.UnitTestAdapter, Microsoft.VisualStudio.QualityTools.Tips.UnitTest.Adapter, Version=10.0.0.0, Culture=neutral, PublicKeyToken=b03f5f7f11d50a3a" className="TestAdapterProduct.AdapterClienteTest, TestAdapterProduct, Version=1.0.0.0, Culture=neutral, PublicKeyToken=null" name="getClienteTest" />
    </UnitTest>
    <UnitTest name="getPreciosTest" storage="d:\workspacenet\cargadortullanta\testadapterproduct\bin\debug\testadapterproduct.dll" id="006226ec-d3ef-c5f2-2bab-4e023406ad6c">
      <Execution id="92f1fd89-5c85-449c-9f15-90b2639838f6" />
      <TestMethod codeBase="D:/workspaceNet/CargadorTuLlanta/TestAdapterProduct/bin/Debug/TestAdapterProduct.DLL" adapterTypeName="Microsoft.VisualStudio.TestTools.TestTypes.Unit.UnitTestAdapter, Microsoft.VisualStudio.QualityTools.Tips.UnitTest.Adapter, Version=10.0.0.0, Culture=neutral, PublicKeyToken=b03f5f7f11d50a3a" className="TestAdapterProduct.AdapterPrecioTest, TestAdapterProduct, Version=1.0.0.0, Culture=neutral, PublicKeyToken=null" name="getPreciosTest" />
    </UnitTest>
    <UnitTest name="getProductoTest" storage="d:\workspacenet\cargadortullanta\testadapterproduct\bin\debug\testadapterproduct.dll" id="7a450593-6714-08a5-412f-e931a6418b99">
      <Execution id="155260aa-3194-4cf3-8d60-ab354aade596" />
      <TestMethod codeBase="D:/workspaceNet/CargadorTuLlanta/TestAdapterProduct/bin/Debug/TestAdapterProduct.DLL" adapterTypeName="Microsoft.VisualStudio.TestTools.TestTypes.Unit.UnitTestAdapter, Microsoft.VisualStudio.QualityTools.Tips.UnitTest.Adapter, Version=10.0.0.0, Culture=neutral, PublicKeyToken=b03f5f7f11d50a3a" className="TestAdapterProduct.AdapterProductoTest, TestAdapterProduct, Version=1.0.0.0, Culture=neutral, PublicKeyToken=null" name="getProductoTest" />
    </UnitTest>
  </TestDefinitions>
  <TestLists>
    <TestList name="Results Not in a List" id="8c84fa94-04c1-424b-9868-57a2d4851a1d" />
    <TestList name="All Loaded Results" id="19431567-8539-422a-85d7-44ee4e166bda" />
  </TestLists>
  <TestEntries>
    <TestEntry testId="006226ec-d3ef-c5f2-2bab-4e023406ad6c" executionId="92f1fd89-5c85-449c-9f15-90b2639838f6" testListId="8c84fa94-04c1-424b-9868-57a2d4851a1d" />
    <TestEntry testId="045d9f1d-6a8b-f242-3f9e-39d6d703cc6a" executionId="1a2ff4fd-2eba-477c-8424-c20ad1800ca0" testListId="8c84fa94-04c1-424b-9868-57a2d4851a1d" />
    <TestEntry testId="7a450593-6714-08a5-412f-e931a6418b99" executionId="155260aa-3194-4cf3-8d60-ab354aade596" testListId="8c84fa94-04c1-424b-9868-57a2d4851a1d" />
  </TestEntries>
  <Results>
    <UnitTestResult executionId="92f1fd89-5c85-449c-9f15-90b2639838f6" testId="006226ec-d3ef-c5f2-2bab-4e023406ad6c" testName="getPreciosTest" computerName="ARLEY-PC" duration="01:30:00.5658947" startTime="2013-06-11T23:23:39.4912641-04:00" endTime="2013-06-12T00:53:40.0571588-04:00" testType="13cdc9d9-ddb5-4fa4-a97d-d965ccfc6d4b" outcome="Aborted" testListId="8c84fa94-04c1-424b-9868-57a2d4851a1d" relativeResultsDirectory="92f1fd89-5c85-449c-9f15-90b2639838f6">
    </UnitTestResult>
    <UnitTestResult executionId="1a2ff4fd-2eba-477c-8424-c20ad1800ca0" testId="045d9f1d-6a8b-f242-3f9e-39d6d703cc6a" testName="getClienteTest" computerName="ARLEY-PC" testType="13cdc9d9-ddb5-4fa4-a97d-d965ccfc6d4b" outcome="NotExecuted" testListId="8c84fa94-04c1-424b-9868-57a2d4851a1d" relativeResultsDirectory="1a2ff4fd-2eba-477c-8424-c20ad1800ca0">
    </UnitTestResult>
    <UnitTestResult executionId="155260aa-3194-4cf3-8d60-ab354aade596" testId="7a450593-6714-08a5-412f-e931a6418b99" testName="getProductoTest" computerName="ARLEY-PC" testType="13cdc9d9-ddb5-4fa4-a97d-d965ccfc6d4b" outcome="NotExecuted" testListId="8c84fa94-04c1-424b-9868-57a2d4851a1d" relativeResultsDirectory="155260aa-3194-4cf3-8d60-ab354aade596">
    </UnitTestResult>
  </Results>
</TestRun>