<?xml version="1.0" encoding="UTF-8"?>
<TestRun id="7c5bfe04-6995-4c36-9ca7-5d086a0ad2ed" name="Arley@ARLEY-PC 2013-06-11 23:17:12" runUser="Arley-PC\Arley" xmlns="http://microsoft.com/schemas/VisualStudio/TeamTest/2010">
  <TestSettings name="Local" id="c07f10f4-cfec-473f-9ccc-a01ae620beee">
    <Description>These are default test settings for a local test run.</Description>
    <Deployment enabled="false" runDeploymentRoot="Arley_ARLEY-PC 2013-06-11 23_17_12">
      <DeploymentItem filename="D:\workspaceNet\CargadorTuLlanta\CargadorTuLlanta\bin\Debug\CargadorTuLlanta.exe" />
      <DeploymentItem filename="D:\Dropbox\Proyectos\2011\PP023-Optica\Codigo\Consola\U2StatusUpdater\U2StatusUpdater\bin\Debug\log4net.dll" />
    </Deployment>
    <Execution>
      <TestTypeSpecific />
      <AgentRule name="Execution Agents">
      </AgentRule>
    </Execution>
  </TestSettings>
  <Times creation="2013-06-11T23:17:12.0641045-04:00" queuing="2013-06-11T23:17:23.8777802-04:00" start="2013-06-11T23:17:24.0727914-04:00" finish="2013-06-11T23:18:13.5506214-04:00" />
  <ResultSummary outcome="Error">
    <Counters total="3" executed="1" error="0" failed="0" timeout="0" aborted="1" inconclusive="0" passedButRunAborted="0" notRunnable="0" notExecuted="2" disconnected="0" warning="0" passed="0" completed="0" inProgress="0" pending="0" />
    <RunInfos>
      <RunInfo computerName="ARLEY-PC" outcome="Error" timestamp="2013-06-11T23:18:13.5406208-04:00">
        <Text>Test host process exited unexpectedly.</Text>
      </RunInfo>
    </RunInfos>
  </ResultSummary>
  <TestDefinitions>
    <UnitTest name="getClienteTest" storage="d:\workspacenet\cargadortullanta\testadapterproduct\bin\debug\testadapterproduct.dll" id="045d9f1d-6a8b-f242-3f9e-39d6d703cc6a">
      <Execution id="221dbfdd-0250-4305-bbdf-fa61c2031ede" />
      <TestMethod codeBase="D:/workspaceNet/CargadorTuLlanta/TestAdapterProduct/bin/Debug/TestAdapterProduct.DLL" adapterTypeName="Microsoft.VisualStudio.TestTools.TestTypes.Unit.UnitTestAdapter, Microsoft.VisualStudio.QualityTools.Tips.UnitTest.Adapter, Version=10.0.0.0, Culture=neutral, PublicKeyToken=b03f5f7f11d50a3a" className="TestAdapterProduct.AdapterClienteTest, TestAdapterProduct, Version=1.0.0.0, Culture=neutral, PublicKeyToken=null" name="getClienteTest" />
    </UnitTest>
    <UnitTest name="getPreciosTest" storage="d:\workspacenet\cargadortullanta\testadapterproduct\bin\debug\testadapterproduct.dll" id="006226ec-d3ef-c5f2-2bab-4e023406ad6c">
      <Execution id="a3f8e7a0-d92f-442d-a45b-76740f1f143c" />
      <TestMethod codeBase="D:/workspaceNet/CargadorTuLlanta/TestAdapterProduct/bin/Debug/TestAdapterProduct.DLL" adapterTypeName="Microsoft.VisualStudio.TestTools.TestTypes.Unit.UnitTestAdapter, Microsoft.VisualStudio.QualityTools.Tips.UnitTest.Adapter, Version=10.0.0.0, Culture=neutral, PublicKeyToken=b03f5f7f11d50a3a" className="TestAdapterProduct.AdapterPrecioTest, TestAdapterProduct, Version=1.0.0.0, Culture=neutral, PublicKeyToken=null" name="getPreciosTest" />
    </UnitTest>
    <UnitTest name="getProductoTest" storage="d:\workspacenet\cargadortullanta\testadapterproduct\bin\debug\testadapterproduct.dll" id="7a450593-6714-08a5-412f-e931a6418b99">
      <Execution id="0b884b55-8f32-4ec9-be20-a98bfca77d1c" />
      <TestMethod codeBase="D:/workspaceNet/CargadorTuLlanta/TestAdapterProduct/bin/Debug/TestAdapterProduct.DLL" adapterTypeName="Microsoft.VisualStudio.TestTools.TestTypes.Unit.UnitTestAdapter, Microsoft.VisualStudio.QualityTools.Tips.UnitTest.Adapter, Version=10.0.0.0, Culture=neutral, PublicKeyToken=b03f5f7f11d50a3a" className="TestAdapterProduct.AdapterProductoTest, TestAdapterProduct, Version=1.0.0.0, Culture=neutral, PublicKeyToken=null" name="getProductoTest" />
    </UnitTest>
  </TestDefinitions>
  <TestLists>
    <TestList name="Results Not in a List" id="8c84fa94-04c1-424b-9868-57a2d4851a1d" />
    <TestList name="All Loaded Results" id="19431567-8539-422a-85d7-44ee4e166bda" />
  </TestLists>
  <TestEntries>
    <TestEntry testId="006226ec-d3ef-c5f2-2bab-4e023406ad6c" executionId="a3f8e7a0-d92f-442d-a45b-76740f1f143c" testListId="8c84fa94-04c1-424b-9868-57a2d4851a1d" />
    <TestEntry testId="045d9f1d-6a8b-f242-3f9e-39d6d703cc6a" executionId="221dbfdd-0250-4305-bbdf-fa61c2031ede" testListId="8c84fa94-04c1-424b-9868-57a2d4851a1d" />
    <TestEntry testId="7a450593-6714-08a5-412f-e931a6418b99" executionId="0b884b55-8f32-4ec9-be20-a98bfca77d1c" testListId="8c84fa94-04c1-424b-9868-57a2d4851a1d" />
  </TestEntries>
  <Results>
    <UnitTestResult executionId="a3f8e7a0-d92f-442d-a45b-76740f1f143c" testId="006226ec-d3ef-c5f2-2bab-4e023406ad6c" testName="getPreciosTest" computerName="ARLEY-PC" duration="00:00:49.3338217" startTime="2013-06-11T23:17:24.2107993-04:00" endTime="2013-06-11T23:18:13.5446210-04:00" testType="13cdc9d9-ddb5-4fa4-a97d-d965ccfc6d4b" outcome="Aborted" testListId="8c84fa94-04c1-424b-9868-57a2d4851a1d" relativeResultsDirectory="a3f8e7a0-d92f-442d-a45b-76740f1f143c">
    </UnitTestResult>
    <UnitTestResult executionId="221dbfdd-0250-4305-bbdf-fa61c2031ede" testId="045d9f1d-6a8b-f242-3f9e-39d6d703cc6a" testName="getClienteTest" computerName="ARLEY-PC" testType="13cdc9d9-ddb5-4fa4-a97d-d965ccfc6d4b" outcome="NotExecuted" testListId="8c84fa94-04c1-424b-9868-57a2d4851a1d" relativeResultsDirectory="221dbfdd-0250-4305-bbdf-fa61c2031ede">
    </UnitTestResult>
    <UnitTestResult executionId="0b884b55-8f32-4ec9-be20-a98bfca77d1c" testId="7a450593-6714-08a5-412f-e931a6418b99" testName="getProductoTest" computerName="ARLEY-PC" testType="13cdc9d9-ddb5-4fa4-a97d-d965ccfc6d4b" outcome="NotExecuted" testListId="8c84fa94-04c1-424b-9868-57a2d4851a1d" relativeResultsDirectory="0b884b55-8f32-4ec9-be20-a98bfca77d1c">
    </UnitTestResult>
  </Results>
</TestRun>