<?xml version="1.0" encoding="UTF-8"?>
<TestRun id="e017d106-b6af-4ad7-a89d-8fe09bedf7f1" name="Arley@ARLEY-PC 2013-06-12 01:06:21" runUser="Arley-PC\Arley" xmlns="http://microsoft.com/schemas/VisualStudio/TeamTest/2010">
  <TestSettings name="Local" id="c07f10f4-cfec-473f-9ccc-a01ae620beee">
    <Description>These are default test settings for a local test run.</Description>
    <Deployment enabled="false" runDeploymentRoot="Arley_ARLEY-PC 2013-06-12 01_06_21">
      <DeploymentItem filename="D:\workspaceNet\CargadorTuLlanta\CargadorTuLlanta\bin\Debug\CargadorTuLlanta.exe" />
      <DeploymentItem filename="D:\Dropbox\Proyectos\2011\PP023-Optica\Codigo\Consola\U2StatusUpdater\U2StatusUpdater\bin\Debug\log4net.dll" />
    </Deployment>
    <Execution>
      <TestTypeSpecific />
      <AgentRule name="Execution Agents">
      </AgentRule>
    </Execution>
  </TestSettings>
  <Times creation="2013-06-12T01:06:21.9367358-04:00" queuing="2013-06-12T01:06:23.3238152-04:00" start="2013-06-12T01:06:23.3978194-04:00" finish="2013-06-12T01:06:23.8448450-04:00" />
  <ResultSummary outcome="Inconclusive">
    <Counters total="1" executed="1" error="0" failed="0" timeout="0" aborted="0" inconclusive="1" passedButRunAborted="0" notRunnable="0" notExecuted="0" disconnected="0" warning="0" passed="0" completed="0" inProgress="0" pending="0" />
  </ResultSummary>
  <TestDefinitions>
    <UnitTest name="getPreciosTest" storage="d:\workspacenet\cargadortullanta\testadapterproduct\bin\debug\testadapterproduct.dll" id="006226ec-d3ef-c5f2-2bab-4e023406ad6c">
      <Execution id="dd1e4d06-5555-4376-8b0c-d6b06d54ef1d" />
      <TestMethod codeBase="D:/workspaceNet/CargadorTuLlanta/TestAdapterProduct/bin/Debug/TestAdapterProduct.DLL" adapterTypeName="Microsoft.VisualStudio.TestTools.TestTypes.Unit.UnitTestAdapter, Microsoft.VisualStudio.QualityTools.Tips.UnitTest.Adapter, Version=10.0.0.0, Culture=neutral, PublicKeyToken=b03f5f7f11d50a3a" className="TestAdapterProduct.AdapterPrecioTest, TestAdapterProduct, Version=1.0.0.0, Culture=neutral, PublicKeyToken=null" name="getPreciosTest" />
    </UnitTest>
  </TestDefinitions>
  <TestLists>
    <TestList name="Results Not in a List" id="8c84fa94-04c1-424b-9868-57a2d4851a1d" />
    <TestList name="All Loaded Results" id="19431567-8539-422a-85d7-44ee4e166bda" />
  </TestLists>
  <TestEntries>
    <TestEntry testId="006226ec-d3ef-c5f2-2bab-4e023406ad6c" executionId="dd1e4d06-5555-4376-8b0c-d6b06d54ef1d" testListId="8c84fa94-04c1-424b-9868-57a2d4851a1d" />
  </TestEntries>
  <Results>
    <UnitTestResult executionId="dd1e4d06-5555-4376-8b0c-d6b06d54ef1d" testId="006226ec-d3ef-c5f2-2bab-4e023406ad6c" testName="getPreciosTest" computerName="ARLEY-PC" duration="00:00:00.0677538" startTime="2013-06-12T01:06:23.4198207-04:00" endTime="2013-06-12T01:06:23.8158433-04:00" testType="13cdc9d9-ddb5-4fa4-a97d-d965ccfc6d4b" outcome="Inconclusive" testListId="8c84fa94-04c1-424b-9868-57a2d4851a1d" relativeResultsDirectory="dd1e4d06-5555-4376-8b0c-d6b06d54ef1d">
      <Output>
        <ErrorInfo>
          <Message>Assert.Inconclusive failed. Verify the correctness of this test method.</Message>
          <StackTrace>   at TestAdapterProduct.AdapterPrecioTest.getPreciosTest() in D:\workspaceNet\CargadorTuLlanta\TestAdapterProduct\AdapterPrecioTest.cs:line 82
</StackTrace>
        </ErrorInfo>
      </Output>
    </UnitTestResult>
  </Results>
</TestRun>