<?xml version="1.0" encoding="UTF-8"?>
<TestRun id="eea74f3a-d3d4-4d7d-a603-903641f0a629" name="Arley@ARLEY-PC 2013-06-11 22:59:49" runUser="Arley-PC\Arley" xmlns="http://microsoft.com/schemas/VisualStudio/TeamTest/2010">
  <TestSettings name="Local" id="c07f10f4-cfec-473f-9ccc-a01ae620beee">
    <Description>These are default test settings for a local test run.</Description>
    <Deployment enabled="false" runDeploymentRoot="Arley_ARLEY-PC 2013-06-11 22_59_49">
      <DeploymentItem filename="D:\workspaceNet\CargadorTuLlanta\CargadorTuLlanta\bin\Debug\CargadorTuLlanta.exe" />
      <DeploymentItem filename="D:\Dropbox\Proyectos\2011\PP023-Optica\Codigo\Consola\U2StatusUpdater\U2StatusUpdater\bin\Debug\log4net.dll" />
    </Deployment>
    <Execution>
      <TestTypeSpecific />
      <AgentRule name="Execution Agents">
      </AgentRule>
    </Execution>
  </TestSettings>
  <Times creation="2013-06-11T22:59:49.9865011-04:00" queuing="2013-06-11T22:59:53.2996906-04:00" start="2013-06-11T22:59:53.5027022-04:00" finish="2013-06-11T23:02:45.5295416-04:00" />
  <ResultSummary outcome="Error">
    <Counters total="3" executed="1" error="0" failed="0" timeout="0" aborted="1" inconclusive="0" passedButRunAborted="0" notRunnable="0" notExecuted="2" disconnected="0" warning="0" passed="0" completed="0" inProgress="0" pending="0" />
    <RunInfos>
      <RunInfo computerName="ARLEY-PC" outcome="Error" timestamp="2013-06-11T23:02:44.5984883-04:00">
        <Text>Test host process exited unexpectedly.</Text>
      </RunInfo>
    </RunInfos>
  </ResultSummary>
  <TestDefinitions>
    <UnitTest name="getClienteTest" storage="d:\workspacenet\cargadortullanta\testadapterproduct\bin\debug\testadapterproduct.dll" id="045d9f1d-6a8b-f242-3f9e-39d6d703cc6a">
      <Execution id="da5d0cd2-ef3d-4c6b-9405-477759675a0c" />
      <TestMethod codeBase="D:/workspaceNet/CargadorTuLlanta/TestAdapterProduct/bin/Debug/TestAdapterProduct.DLL" adapterTypeName="Microsoft.VisualStudio.TestTools.TestTypes.Unit.UnitTestAdapter, Microsoft.VisualStudio.QualityTools.Tips.UnitTest.Adapter, Version=10.0.0.0, Culture=neutral, PublicKeyToken=b03f5f7f11d50a3a" className="TestAdapterProduct.AdapterClienteTest, TestAdapterProduct, Version=1.0.0.0, Culture=neutral, PublicKeyToken=null" name="getClienteTest" />
    </UnitTest>
    <UnitTest name="getPreciosTest" storage="d:\workspacenet\cargadortullanta\testadapterproduct\bin\debug\testadapterproduct.dll" id="006226ec-d3ef-c5f2-2bab-4e023406ad6c">
      <Execution id="06fccf7e-aa70-4057-8f50-a568f7e982ab" />
      <TestMethod codeBase="D:/workspaceNet/CargadorTuLlanta/TestAdapterProduct/bin/Debug/TestAdapterProduct.DLL" adapterTypeName="Microsoft.VisualStudio.TestTools.TestTypes.Unit.UnitTestAdapter, Microsoft.VisualStudio.QualityTools.Tips.UnitTest.Adapter, Version=10.0.0.0, Culture=neutral, PublicKeyToken=b03f5f7f11d50a3a" className="TestAdapterProduct.AdapterPrecioTest, TestAdapterProduct, Version=1.0.0.0, Culture=neutral, PublicKeyToken=null" name="getPreciosTest" />
    </UnitTest>
    <UnitTest name="getProductoTest" storage="d:\workspacenet\cargadortullanta\testadapterproduct\bin\debug\testadapterproduct.dll" id="7a450593-6714-08a5-412f-e931a6418b99">
      <Execution id="755288af-49e5-4f81-883e-10f60b7d90b8" />
      <TestMethod codeBase="D:/workspaceNet/CargadorTuLlanta/TestAdapterProduct/bin/Debug/TestAdapterProduct.DLL" adapterTypeName="Microsoft.VisualStudio.TestTools.TestTypes.Unit.UnitTestAdapter, Microsoft.VisualStudio.QualityTools.Tips.UnitTest.Adapter, Version=10.0.0.0, Culture=neutral, PublicKeyToken=b03f5f7f11d50a3a" className="TestAdapterProduct.AdapterProductoTest, TestAdapterProduct, Version=1.0.0.0, Culture=neutral, PublicKeyToken=null" name="getProductoTest" />
    </UnitTest>
  </TestDefinitions>
  <TestLists>
    <TestList name="Results Not in a List" id="8c84fa94-04c1-424b-9868-57a2d4851a1d" />
    <TestList name="All Loaded Results" id="19431567-8539-422a-85d7-44ee4e166bda" />
  </TestLists>
  <TestEntries>
    <TestEntry testId="006226ec-d3ef-c5f2-2bab-4e023406ad6c" executionId="06fccf7e-aa70-4057-8f50-a568f7e982ab" testListId="8c84fa94-04c1-424b-9868-57a2d4851a1d" />
    <TestEntry testId="045d9f1d-6a8b-f242-3f9e-39d6d703cc6a" executionId="da5d0cd2-ef3d-4c6b-9405-477759675a0c" testListId="8c84fa94-04c1-424b-9868-57a2d4851a1d" />
    <TestEntry testId="7a450593-6714-08a5-412f-e931a6418b99" executionId="755288af-49e5-4f81-883e-10f60b7d90b8" testListId="8c84fa94-04c1-424b-9868-57a2d4851a1d" />
  </TestEntries>
  <Results>
    <UnitTestResult executionId="06fccf7e-aa70-4057-8f50-a568f7e982ab" testId="006226ec-d3ef-c5f2-2bab-4e023406ad6c" testName="getPreciosTest" computerName="ARLEY-PC" duration="00:02:50.9797795" startTime="2013-06-11T22:59:53.6237091-04:00" endTime="2013-06-11T23:02:44.6034886-04:00" testType="13cdc9d9-ddb5-4fa4-a97d-d965ccfc6d4b" outcome="Aborted" testListId="8c84fa94-04c1-424b-9868-57a2d4851a1d" relativeResultsDirectory="06fccf7e-aa70-4057-8f50-a568f7e982ab">
    </UnitTestResult>
    <UnitTestResult executionId="da5d0cd2-ef3d-4c6b-9405-477759675a0c" testId="045d9f1d-6a8b-f242-3f9e-39d6d703cc6a" testName="getClienteTest" computerName="ARLEY-PC" testType="13cdc9d9-ddb5-4fa4-a97d-d965ccfc6d4b" outcome="NotExecuted" testListId="8c84fa94-04c1-424b-9868-57a2d4851a1d" relativeResultsDirectory="da5d0cd2-ef3d-4c6b-9405-477759675a0c">
    </UnitTestResult>
    <UnitTestResult executionId="755288af-49e5-4f81-883e-10f60b7d90b8" testId="7a450593-6714-08a5-412f-e931a6418b99" testName="getProductoTest" computerName="ARLEY-PC" testType="13cdc9d9-ddb5-4fa4-a97d-d965ccfc6d4b" outcome="NotExecuted" testListId="8c84fa94-04c1-424b-9868-57a2d4851a1d" relativeResultsDirectory="755288af-49e5-4f81-883e-10f60b7d90b8">
    </UnitTestResult>
  </Results>
</TestRun>